<?xml version="1.0" encoding="UTF-8"?>
<testsuite xmlns:xsi="http://www.w3.org/2001/XMLSchema-instance" xsi:noNamespaceSchemaLocation="https://maven.apache.org/surefire/maven-surefire-plugin/xsd/surefire-test-report.xsd" name="com.nordigy.testrestapi.RestApiTests" time="34.618" tests="2" errors="0" skipped="0" failures="1">
  <properties>
    <property name="sun.desktop" value="windows"/>
    <property name="awt.toolkit" value="sun.awt.windows.WToolkit"/>
    <property name="jdk.extensions.version" value="11.0.7.0"/>
    <property name="file.encoding.pkg" value="sun.io"/>
    <property name="java.specification.version" value="11"/>
    <property name="sun.jnu.encoding" value="Cp1251"/>
    <property name="java.class.path" value="D:\work\Test task (Contact Center)\test-rest-api-master\target\test-classes;D:\work\Test task (Contact Center)\test-rest-api-master\target\classes;C:\Users\windo\.m2\repository\org\springframework\boot\spring-boot-starter\2.3.1.RELEASE\spring-boot-starter-2.3.1.RELEASE.jar;C:\Users\windo\.m2\repository\org\springframework\boot\spring-boot\2.3.1.RELEASE\spring-boot-2.3.1.RELEASE.jar;C:\Users\windo\.m2\repository\org\springframework\spring-context\5.2.7.RELEASE\spring-context-5.2.7.RELEASE.jar;C:\Users\windo\.m2\repository\org\springframework\boot\spring-boot-starter-logging\2.3.1.RELEASE\spring-boot-starter-logging-2.3.1.RELEASE.jar;C:\Users\windo\.m2\repository\ch\qos\logback\logback-classic\1.2.3\logback-classic-1.2.3.jar;C:\Users\windo\.m2\repository\ch\qos\logback\logback-core\1.2.3\logback-core-1.2.3.jar;C:\Users\windo\.m2\repository\org\apache\logging\log4j\log4j-to-slf4j\2.13.3\log4j-to-slf4j-2.13.3.jar;C:\Users\windo\.m2\repository\org\apache\logging\log4j\log4j-api\2.13.3\log4j-api-2.13.3.jar;C:\Users\windo\.m2\repository\org\slf4j\jul-to-slf4j\1.7.30\jul-to-slf4j-1.7.30.jar;C:\Users\windo\.m2\repository\jakarta\annotation\jakarta.annotation-api\1.3.5\jakarta.annotation-api-1.3.5.jar;C:\Users\windo\.m2\repository\org\springframework\spring-core\5.2.7.RELEASE\spring-core-5.2.7.RELEASE.jar;C:\Users\windo\.m2\repository\org\springframework\spring-jcl\5.2.7.RELEASE\spring-jcl-5.2.7.RELEASE.jar;C:\Users\windo\.m2\repository\org\yaml\snakeyaml\1.26\snakeyaml-1.26.jar;C:\Users\windo\.m2\repository\org\springframework\boot\spring-boot-starter-web\2.3.1.RELEASE\spring-boot-starter-web-2.3.1.RELEASE.jar;C:\Users\windo\.m2\repository\org\springframework\boot\spring-boot-starter-json\2.3.1.RELEASE\spring-boot-starter-json-2.3.1.RELEASE.jar;C:\Users\windo\.m2\repository\com\fasterxml\jackson\datatype\jackson-datatype-jdk8\2.11.0\jackson-datatype-jdk8-2.11.0.jar;C:\Users\windo\.m2\repository\com\fasterxml\jackson\module\jackson-module-parameter-names\2.11.0\jackson-module-parameter-names-2.11.0.jar;C:\Users\windo\.m2\repository\org\springframework\boot\spring-boot-starter-tomcat\2.3.1.RELEASE\spring-boot-starter-tomcat-2.3.1.RELEASE.jar;C:\Users\windo\.m2\repository\org\apache\tomcat\embed\tomcat-embed-core\9.0.36\tomcat-embed-core-9.0.36.jar;C:\Users\windo\.m2\repository\org\apache\tomcat\embed\tomcat-embed-websocket\9.0.36\tomcat-embed-websocket-9.0.36.jar;C:\Users\windo\.m2\repository\org\springframework\spring-web\5.2.7.RELEASE\spring-web-5.2.7.RELEASE.jar;C:\Users\windo\.m2\repository\org\springframework\spring-beans\5.2.7.RELEASE\spring-beans-5.2.7.RELEASE.jar;C:\Users\windo\.m2\repository\org\springframework\spring-webmvc\5.2.7.RELEASE\spring-webmvc-5.2.7.RELEASE.jar;C:\Users\windo\.m2\repository\org\springframework\spring-aop\5.2.7.RELEASE\spring-aop-5.2.7.RELEASE.jar;C:\Users\windo\.m2\repository\org\springframework\spring-expression\5.2.7.RELEASE\spring-expression-5.2.7.RELEASE.jar;C:\Users\windo\.m2\repository\org\springframework\boot\spring-boot-starter-data-rest\2.3.1.RELEASE\spring-boot-starter-data-rest-2.3.1.RELEASE.jar;C:\Users\windo\.m2\repository\org\springframework\data\spring-data-rest-webmvc\3.3.1.RELEASE\spring-data-rest-webmvc-3.3.1.RELEASE.jar;C:\Users\windo\.m2\repository\org\springframework\data\spring-data-rest-core\3.3.1.RELEASE\spring-data-rest-core-3.3.1.RELEASE.jar;C:\Users\windo\.m2\repository\org\atteo\evo-inflector\1.2.2\evo-inflector-1.2.2.jar;C:\Users\windo\.m2\repository\org\springframework\boot\spring-boot-starter-data-jpa\2.3.1.RELEASE\spring-boot-starter-data-jpa-2.3.1.RELEASE.jar;C:\Users\windo\.m2\repository\org\springframework\boot\spring-boot-starter-aop\2.3.1.RELEASE\spring-boot-starter-aop-2.3.1.RELEASE.jar;C:\Users\windo\.m2\repository\org\aspectj\aspectjweaver\1.9.5\aspectjweaver-1.9.5.jar;C:\Users\windo\.m2\repository\org\springframework\boot\spring-boot-starter-jdbc\2.3.1.RELEASE\spring-boot-starter-jdbc-2.3.1.RELEASE.jar;C:\Users\windo\.m2\repository\com\zaxxer\HikariCP\3.4.5\HikariCP-3.4.5.jar;C:\Users\windo\.m2\repository\org\springframework\spring-jdbc\5.2.7.RELEASE\spring-jdbc-5.2.7.RELEASE.jar;C:\Users\windo\.m2\repository\jakarta\transaction\jakarta.transaction-api\1.3.3\jakarta.transaction-api-1.3.3.jar;C:\Users\windo\.m2\repository\jakarta\persistence\jakarta.persistence-api\2.2.3\jakarta.persistence-api-2.2.3.jar;C:\Users\windo\.m2\repository\org\hibernate\hibernate-core\5.4.17.Final\hibernate-core-5.4.17.Final.jar;C:\Users\windo\.m2\repository\org\jboss\logging\jboss-logging\3.4.1.Final\jboss-logging-3.4.1.Final.jar;C:\Users\windo\.m2\repository\org\javassist\javassist\3.24.0-GA\javassist-3.24.0-GA.jar;C:\Users\windo\.m2\repository\net\bytebuddy\byte-buddy\1.10.11\byte-buddy-1.10.11.jar;C:\Users\windo\.m2\repository\antlr\antlr\2.7.7\antlr-2.7.7.jar;C:\Users\windo\.m2\repository\org\jboss\jandex\2.1.3.Final\jandex-2.1.3.Final.jar;C:\Users\windo\.m2\repository\org\dom4j\dom4j\2.1.3\dom4j-2.1.3.jar;C:\Users\windo\.m2\repository\org\hibernate\common\hibernate-commons-annotations\5.1.0.Final\hibernate-commons-annotations-5.1.0.Final.jar;C:\Users\windo\.m2\repository\org\glassfish\jaxb\jaxb-runtime\2.3.3\jaxb-runtime-2.3.3.jar;C:\Users\windo\.m2\repository\org\glassfish\jaxb\txw2\2.3.3\txw2-2.3.3.jar;C:\Users\windo\.m2\repository\com\sun\istack\istack-commons-runtime\3.0.11\istack-commons-runtime-3.0.11.jar;C:\Users\windo\.m2\repository\com\sun\activation\jakarta.activation\1.2.2\jakarta.activation-1.2.2.jar;C:\Users\windo\.m2\repository\org\springframework\data\spring-data-jpa\2.3.1.RELEASE\spring-data-jpa-2.3.1.RELEASE.jar;C:\Users\windo\.m2\repository\org\springframework\data\spring-data-commons\2.3.1.RELEASE\spring-data-commons-2.3.1.RELEASE.jar;C:\Users\windo\.m2\repository\org\springframework\spring-orm\5.2.7.RELEASE\spring-orm-5.2.7.RELEASE.jar;C:\Users\windo\.m2\repository\org\springframework\spring-tx\5.2.7.RELEASE\spring-tx-5.2.7.RELEASE.jar;C:\Users\windo\.m2\repository\org\springframework\spring-aspects\5.2.7.RELEASE\spring-aspects-5.2.7.RELEASE.jar;C:\Users\windo\.m2\repository\org\springframework\boot\spring-boot-autoconfigure\2.3.1.RELEASE\spring-boot-autoconfigure-2.3.1.RELEASE.jar;C:\Users\windo\.m2\repository\org\springframework\boot\spring-boot-starter-test\2.3.1.RELEASE\spring-boot-starter-test-2.3.1.RELEASE.jar;C:\Users\windo\.m2\repository\org\springframework\boot\spring-boot-test\2.3.1.RELEASE\spring-boot-test-2.3.1.RELEASE.jar;C:\Users\windo\.m2\repository\org\springframework\boot\spring-boot-test-autoconfigure\2.3.1.RELEASE\spring-boot-test-autoconfigure-2.3.1.RELEASE.jar;C:\Users\windo\.m2\repository\com\jayway\jsonpath\json-path\2.4.0\json-path-2.4.0.jar;C:\Users\windo\.m2\repository\net\minidev\json-smart\2.3\json-smart-2.3.jar;C:\Users\windo\.m2\repository\net\minidev\accessors-smart\1.2\accessors-smart-1.2.jar;C:\Users\windo\.m2\repository\org\ow2\asm\asm\5.0.4\asm-5.0.4.jar;C:\Users\windo\.m2\repository\jakarta\xml\bind\jakarta.xml.bind-api\2.3.3\jakarta.xml.bind-api-2.3.3.jar;C:\Users\windo\.m2\repository\jakarta\activation\jakarta.activation-api\1.2.2\jakarta.activation-api-1.2.2.jar;C:\Users\windo\.m2\repository\org\assertj\assertj-core\3.16.1\assertj-core-3.16.1.jar;C:\Users\windo\.m2\repository\org\junit\jupiter\junit-jupiter\5.6.2\junit-jupiter-5.6.2.jar;C:\Users\windo\.m2\repository\org\junit\jupiter\junit-jupiter-api\5.6.2\junit-jupiter-api-5.6.2.jar;C:\Users\windo\.m2\repository\org\opentest4j\opentest4j\1.2.0\opentest4j-1.2.0.jar;C:\Users\windo\.m2\repository\org\junit\platform\junit-platform-commons\1.6.2\junit-platform-commons-1.6.2.jar;C:\Users\windo\.m2\repository\org\junit\jupiter\junit-jupiter-params\5.6.2\junit-jupiter-params-5.6.2.jar;C:\Users\windo\.m2\repository\org\junit\jupiter\junit-jupiter-engine\5.6.2\junit-jupiter-engine-5.6.2.jar;C:\Users\windo\.m2\repository\org\junit\vintage\junit-vintage-engine\5.6.2\junit-vintage-engine-5.6.2.jar;C:\Users\windo\.m2\repository\org\apiguardian\apiguardian-api\1.1.0\apiguardian-api-1.1.0.jar;C:\Users\windo\.m2\repository\org\junit\platform\junit-platform-engine\1.6.2\junit-platform-engine-1.6.2.jar;C:\Users\windo\.m2\repository\junit\junit\4.13\junit-4.13.jar;C:\Users\windo\.m2\repository\org\mockito\mockito-core\3.3.3\mockito-core-3.3.3.jar;C:\Users\windo\.m2\repository\net\bytebuddy\byte-buddy-agent\1.10.11\byte-buddy-agent-1.10.11.jar;C:\Users\windo\.m2\repository\org\objenesis\objenesis\2.6\objenesis-2.6.jar;C:\Users\windo\.m2\repository\org\mockito\mockito-junit-jupiter\3.3.3\mockito-junit-jupiter-3.3.3.jar;C:\Users\windo\.m2\repository\org\skyscreamer\jsonassert\1.5.0\jsonassert-1.5.0.jar;C:\Users\windo\.m2\repository\com\vaadin\external\google\android-json\0.0.20131108.vaadin1\android-json-0.0.20131108.vaadin1.jar;C:\Users\windo\.m2\repository\org\springframework\spring-test\5.2.7.RELEASE\spring-test-5.2.7.RELEASE.jar;C:\Users\windo\.m2\repository\org\xmlunit\xmlunit-core\2.7.0\xmlunit-core-2.7.0.jar;C:\Users\windo\.m2\repository\org\springframework\boot\spring-boot-starter-validation\2.3.1.RELEASE\spring-boot-starter-validation-2.3.1.RELEASE.jar;C:\Users\windo\.m2\repository\org\glassfish\jakarta.el\3.0.3\jakarta.el-3.0.3.jar;C:\Users\windo\.m2\repository\org\hibernate\validator\hibernate-validator\6.1.5.Final\hibernate-validator-6.1.5.Final.jar;C:\Users\windo\.m2\repository\jakarta\validation\jakarta.validation-api\2.0.2\jakarta.validation-api-2.0.2.jar;C:\Users\windo\.m2\repository\com\h2database\h2\1.4.200\h2-1.4.200.jar;C:\Users\windo\.m2\repository\com\querydsl\querydsl-apt\4.3.1\querydsl-apt-4.3.1.jar;C:\Users\windo\.m2\repository\com\querydsl\querydsl-codegen\4.3.1\querydsl-codegen-4.3.1.jar;C:\Users\windo\.m2\repository\com\mysema\codegen\codegen\0.6.8\codegen-0.6.8.jar;C:\Users\windo\.m2\repository\org\eclipse\jdt\core\compiler\ecj\4.3.1\ecj-4.3.1.jar;C:\Users\windo\.m2\repository\org\reflections\reflections\0.9.9\reflections-0.9.9.jar;C:\Users\windo\.m2\repository\com\google\code\findbugs\annotations\2.0.1\annotations-2.0.1.jar;C:\Users\windo\.m2\repository\com\querydsl\querydsl-jpa\4.3.1\querydsl-jpa-4.3.1.jar;C:\Users\windo\.m2\repository\com\querydsl\querydsl-core\4.3.1\querydsl-core-4.3.1.jar;C:\Users\windo\.m2\repository\com\google\guava\guava\18.0\guava-18.0.jar;C:\Users\windo\.m2\repository\com\google\code\findbugs\jsr305\1.3.9\jsr305-1.3.9.jar;C:\Users\windo\.m2\repository\com\mysema\commons\mysema-commons-lang\0.2.4\mysema-commons-lang-0.2.4.jar;C:\Users\windo\.m2\repository\com\infradna\tool\bridge-method-annotation\1.13\bridge-method-annotation-1.13.jar;C:\Users\windo\.m2\repository\javax\inject\javax.inject\1\javax.inject-1.jar;C:\Users\windo\.m2\repository\org\slf4j\slf4j-api\1.7.30\slf4j-api-1.7.30.jar;C:\Users\windo\.m2\repository\org\xerial\sqlite-jdbc\3.31.1\sqlite-jdbc-3.31.1.jar;C:\Users\windo\.m2\repository\org\projectlombok\lombok\1.18.12\lombok-1.18.12.jar;C:\Users\windo\.m2\repository\org\apache\commons\commons-lang3\3.10\commons-lang3-3.10.jar;C:\Users\windo\.m2\repository\com\fasterxml\jackson\datatype\jackson-datatype-jsr310\2.11.0\jackson-datatype-jsr310-2.11.0.jar;C:\Users\windo\.m2\repository\com\fasterxml\jackson\core\jackson-annotations\2.11.0\jackson-annotations-2.11.0.jar;C:\Users\windo\.m2\repository\com\fasterxml\jackson\core\jackson-core\2.11.0\jackson-core-2.11.0.jar;C:\Users\windo\.m2\repository\com\fasterxml\jackson\core\jackson-databind\2.11.0\jackson-databind-2.11.0.jar;C:\Users\windo\.m2\repository\io\springfox\springfox-swagger2\2.10.0\springfox-swagger2-2.10.0.jar;C:\Users\windo\.m2\repository\io\swagger\swagger-annotations\1.5.20\swagger-annotations-1.5.20.jar;C:\Users\windo\.m2\repository\io\swagger\swagger-models\1.5.20\swagger-models-1.5.20.jar;C:\Users\windo\.m2\repository\io\springfox\springfox-spi\2.10.0\springfox-spi-2.10.0.jar;C:\Users\windo\.m2\repository\io\springfox\springfox-core\2.10.0\springfox-core-2.10.0.jar;C:\Users\windo\.m2\repository\io\springfox\springfox-schema\2.10.0\springfox-schema-2.10.0.jar;C:\Users\windo\.m2\repository\io\springfox\springfox-swagger-common\2.10.0\springfox-swagger-common-2.10.0.jar;C:\Users\windo\.m2\repository\io\springfox\springfox-spring-web\2.10.0\springfox-spring-web-2.10.0.jar;C:\Users\windo\.m2\repository\io\github\classgraph\classgraph\4.1.7\classgraph-4.1.7.jar;C:\Users\windo\.m2\repository\com\fasterxml\classmate\1.5.1\classmate-1.5.1.jar;C:\Users\windo\.m2\repository\org\springframework\plugin\spring-plugin-core\2.0.0.RELEASE\spring-plugin-core-2.0.0.RELEASE.jar;C:\Users\windo\.m2\repository\org\springframework\plugin\spring-plugin-metadata\2.0.0.RELEASE\spring-plugin-metadata-2.0.0.RELEASE.jar;C:\Users\windo\.m2\repository\org\mapstruct\mapstruct\1.3.1.Final\mapstruct-1.3.1.Final.jar;C:\Users\windo\.m2\repository\io\springfox\springfox-data-rest\2.10.0\springfox-data-rest-2.10.0.jar;C:\Users\windo\.m2\repository\io\springfox\springfox-spring-webmvc\2.10.0\springfox-spring-webmvc-2.10.0.jar;C:\Users\windo\.m2\repository\org\springframework\hateoas\spring-hateoas\1.1.0.RELEASE\spring-hateoas-1.1.0.RELEASE.jar;C:\Users\windo\.m2\repository\io\springfox\springfox-swagger-ui\2.10.0\springfox-swagger-ui-2.10.0.jar;C:\Users\windo\.m2\repository\io\springfox\springfox-bean-validators\2.10.0\springfox-bean-validators-2.10.0.jar;C:\Users\windo\.m2\repository\io\rest-assured\rest-assured\4.2.0\rest-assured-4.2.0.jar;C:\Users\windo\.m2\repository\org\codehaus\groovy\groovy\2.5.12\groovy-2.5.12.jar;C:\Users\windo\.m2\repository\org\codehaus\groovy\groovy-xml\2.5.12\groovy-xml-2.5.12.jar;C:\Users\windo\.m2\repository\org\apache\httpcomponents\httpclient\4.5.12\httpclient-4.5.12.jar;C:\Users\windo\.m2\repository\org\apache\httpcomponents\httpcore\4.4.13\httpcore-4.4.13.jar;C:\Users\windo\.m2\repository\commons-codec\commons-codec\1.14\commons-codec-1.14.jar;C:\Users\windo\.m2\repository\org\apache\httpcomponents\httpmime\4.5.12\httpmime-4.5.12.jar;C:\Users\windo\.m2\repository\org\ccil\cowan\tagsoup\tagsoup\1.2.1\tagsoup-1.2.1.jar;C:\Users\windo\.m2\repository\io\rest-assured\json-path\4.2.0\json-path-4.2.0.jar;C:\Users\windo\.m2\repository\org\codehaus\groovy\groovy-json\2.5.12\groovy-json-2.5.12.jar;C:\Users\windo\.m2\repository\io\rest-assured\xml-path\4.2.0\xml-path-4.2.0.jar;C:\Users\windo\.m2\repository\com\sun\xml\bind\jaxb-osgi\2.3.0.1\jaxb-osgi-2.3.0.1.jar;C:\Users\windo\.m2\repository\org\apache\sling\org.apache.sling.javax.activation\0.1.0\org.apache.sling.javax.activation-0.1.0.jar;C:\Users\windo\.m2\repository\javax\activation\activation\1.1.1\activation-1.1.1.jar;C:\Users\windo\.m2\repository\io\rest-assured\rest-assured-common\4.2.0\rest-assured-common-4.2.0.jar;C:\Users\windo\.m2\repository\org\hamcrest\hamcrest-library\2.2\hamcrest-library-2.2.jar;C:\Users\windo\.m2\repository\org\hamcrest\hamcrest-core\2.2\hamcrest-core-2.2.jar;C:\Users\windo\.m2\repository\org\hamcrest\hamcrest\2.2\hamcrest-2.2.jar;"/>
    <property name="java.vm.vendor" value="Eclipse OpenJ9"/>
    <property name="sun.arch.data.model" value="64"/>
    <property name="com.ibm.vm.bitmode" value="64"/>
    <property name="user.variant" value=""/>
    <property name="com.ibm.oti.vm.library.version" value="29"/>
    <property name="java.vendor.url" value="http://www.eclipse.org/openj9"/>
    <property name="user.timezone" value="Asia/Novosibirsk"/>
    <property name="os.name" value="Windows 10"/>
    <property name="java.vm.specification.version" value="11"/>
    <property name="sun.java.launcher" value="SUN_STANDARD"/>
    <property name="user.country" value="RU"/>
    <property name="sun.boot.library.path" value="C:\Users\windo\.jdks\adopt-openj9-11.0.7\bin\compressedrefs;C:\Users\windo\.jdks\adopt-openj9-11.0.7\bin"/>
    <property name="sun.java.command" value="C:\Users\windo\AppData\Local\Temp\surefire1617215514330721677\surefirebooter6238133977889300691.jar C:\Users\windo\AppData\Local\Temp\surefire1617215514330721677 2020-07-11T01-38-16_237-jvmRun1 surefire2285349136676358788tmp surefire_03846767332224930048tmp"/>
    <property name="surefire.test.class.path" value="D:\work\Test task (Contact Center)\test-rest-api-master\target\test-classes;D:\work\Test task (Contact Center)\test-rest-api-master\target\classes;C:\Users\windo\.m2\repository\org\springframework\boot\spring-boot-starter\2.3.1.RELEASE\spring-boot-starter-2.3.1.RELEASE.jar;C:\Users\windo\.m2\repository\org\springframework\boot\spring-boot\2.3.1.RELEASE\spring-boot-2.3.1.RELEASE.jar;C:\Users\windo\.m2\repository\org\springframework\spring-context\5.2.7.RELEASE\spring-context-5.2.7.RELEASE.jar;C:\Users\windo\.m2\repository\org\springframework\boot\spring-boot-starter-logging\2.3.1.RELEASE\spring-boot-starter-logging-2.3.1.RELEASE.jar;C:\Users\windo\.m2\repository\ch\qos\logback\logback-classic\1.2.3\logback-classic-1.2.3.jar;C:\Users\windo\.m2\repository\ch\qos\logback\logback-core\1.2.3\logback-core-1.2.3.jar;C:\Users\windo\.m2\repository\org\apache\logging\log4j\log4j-to-slf4j\2.13.3\log4j-to-slf4j-2.13.3.jar;C:\Users\windo\.m2\repository\org\apache\logging\log4j\log4j-api\2.13.3\log4j-api-2.13.3.jar;C:\Users\windo\.m2\repository\org\slf4j\jul-to-slf4j\1.7.30\jul-to-slf4j-1.7.30.jar;C:\Users\windo\.m2\repository\jakarta\annotation\jakarta.annotation-api\1.3.5\jakarta.annotation-api-1.3.5.jar;C:\Users\windo\.m2\repository\org\springframework\spring-core\5.2.7.RELEASE\spring-core-5.2.7.RELEASE.jar;C:\Users\windo\.m2\repository\org\springframework\spring-jcl\5.2.7.RELEASE\spring-jcl-5.2.7.RELEASE.jar;C:\Users\windo\.m2\repository\org\yaml\snakeyaml\1.26\snakeyaml-1.26.jar;C:\Users\windo\.m2\repository\org\springframework\boot\spring-boot-starter-web\2.3.1.RELEASE\spring-boot-starter-web-2.3.1.RELEASE.jar;C:\Users\windo\.m2\repository\org\springframework\boot\spring-boot-starter-json\2.3.1.RELEASE\spring-boot-starter-json-2.3.1.RELEASE.jar;C:\Users\windo\.m2\repository\com\fasterxml\jackson\datatype\jackson-datatype-jdk8\2.11.0\jackson-datatype-jdk8-2.11.0.jar;C:\Users\windo\.m2\repository\com\fasterxml\jackson\module\jackson-module-parameter-names\2.11.0\jackson-module-parameter-names-2.11.0.jar;C:\Users\windo\.m2\repository\org\springframework\boot\spring-boot-starter-tomcat\2.3.1.RELEASE\spring-boot-starter-tomcat-2.3.1.RELEASE.jar;C:\Users\windo\.m2\repository\org\apache\tomcat\embed\tomcat-embed-core\9.0.36\tomcat-embed-core-9.0.36.jar;C:\Users\windo\.m2\repository\org\apache\tomcat\embed\tomcat-embed-websocket\9.0.36\tomcat-embed-websocket-9.0.36.jar;C:\Users\windo\.m2\repository\org\springframework\spring-web\5.2.7.RELEASE\spring-web-5.2.7.RELEASE.jar;C:\Users\windo\.m2\repository\org\springframework\spring-beans\5.2.7.RELEASE\spring-beans-5.2.7.RELEASE.jar;C:\Users\windo\.m2\repository\org\springframework\spring-webmvc\5.2.7.RELEASE\spring-webmvc-5.2.7.RELEASE.jar;C:\Users\windo\.m2\repository\org\springframework\spring-aop\5.2.7.RELEASE\spring-aop-5.2.7.RELEASE.jar;C:\Users\windo\.m2\repository\org\springframework\spring-expression\5.2.7.RELEASE\spring-expression-5.2.7.RELEASE.jar;C:\Users\windo\.m2\repository\org\springframework\boot\spring-boot-starter-data-rest\2.3.1.RELEASE\spring-boot-starter-data-rest-2.3.1.RELEASE.jar;C:\Users\windo\.m2\repository\org\springframework\data\spring-data-rest-webmvc\3.3.1.RELEASE\spring-data-rest-webmvc-3.3.1.RELEASE.jar;C:\Users\windo\.m2\repository\org\springframework\data\spring-data-rest-core\3.3.1.RELEASE\spring-data-rest-core-3.3.1.RELEASE.jar;C:\Users\windo\.m2\repository\org\atteo\evo-inflector\1.2.2\evo-inflector-1.2.2.jar;C:\Users\windo\.m2\repository\org\springframework\boot\spring-boot-starter-data-jpa\2.3.1.RELEASE\spring-boot-starter-data-jpa-2.3.1.RELEASE.jar;C:\Users\windo\.m2\repository\org\springframework\boot\spring-boot-starter-aop\2.3.1.RELEASE\spring-boot-starter-aop-2.3.1.RELEASE.jar;C:\Users\windo\.m2\repository\org\aspectj\aspectjweaver\1.9.5\aspectjweaver-1.9.5.jar;C:\Users\windo\.m2\repository\org\springframework\boot\spring-boot-starter-jdbc\2.3.1.RELEASE\spring-boot-starter-jdbc-2.3.1.RELEASE.jar;C:\Users\windo\.m2\repository\com\zaxxer\HikariCP\3.4.5\HikariCP-3.4.5.jar;C:\Users\windo\.m2\repository\org\springframework\spring-jdbc\5.2.7.RELEASE\spring-jdbc-5.2.7.RELEASE.jar;C:\Users\windo\.m2\repository\jakarta\transaction\jakarta.transaction-api\1.3.3\jakarta.transaction-api-1.3.3.jar;C:\Users\windo\.m2\repository\jakarta\persistence\jakarta.persistence-api\2.2.3\jakarta.persistence-api-2.2.3.jar;C:\Users\windo\.m2\repository\org\hibernate\hibernate-core\5.4.17.Final\hibernate-core-5.4.17.Final.jar;C:\Users\windo\.m2\repository\org\jboss\logging\jboss-logging\3.4.1.Final\jboss-logging-3.4.1.Final.jar;C:\Users\windo\.m2\repository\org\javassist\javassist\3.24.0-GA\javassist-3.24.0-GA.jar;C:\Users\windo\.m2\repository\net\bytebuddy\byte-buddy\1.10.11\byte-buddy-1.10.11.jar;C:\Users\windo\.m2\repository\antlr\antlr\2.7.7\antlr-2.7.7.jar;C:\Users\windo\.m2\repository\org\jboss\jandex\2.1.3.Final\jandex-2.1.3.Final.jar;C:\Users\windo\.m2\repository\org\dom4j\dom4j\2.1.3\dom4j-2.1.3.jar;C:\Users\windo\.m2\repository\org\hibernate\common\hibernate-commons-annotations\5.1.0.Final\hibernate-commons-annotations-5.1.0.Final.jar;C:\Users\windo\.m2\repository\org\glassfish\jaxb\jaxb-runtime\2.3.3\jaxb-runtime-2.3.3.jar;C:\Users\windo\.m2\repository\org\glassfish\jaxb\txw2\2.3.3\txw2-2.3.3.jar;C:\Users\windo\.m2\repository\com\sun\istack\istack-commons-runtime\3.0.11\istack-commons-runtime-3.0.11.jar;C:\Users\windo\.m2\repository\com\sun\activation\jakarta.activation\1.2.2\jakarta.activation-1.2.2.jar;C:\Users\windo\.m2\repository\org\springframework\data\spring-data-jpa\2.3.1.RELEASE\spring-data-jpa-2.3.1.RELEASE.jar;C:\Users\windo\.m2\repository\org\springframework\data\spring-data-commons\2.3.1.RELEASE\spring-data-commons-2.3.1.RELEASE.jar;C:\Users\windo\.m2\repository\org\springframework\spring-orm\5.2.7.RELEASE\spring-orm-5.2.7.RELEASE.jar;C:\Users\windo\.m2\repository\org\springframework\spring-tx\5.2.7.RELEASE\spring-tx-5.2.7.RELEASE.jar;C:\Users\windo\.m2\repository\org\springframework\spring-aspects\5.2.7.RELEASE\spring-aspects-5.2.7.RELEASE.jar;C:\Users\windo\.m2\repository\org\springframework\boot\spring-boot-autoconfigure\2.3.1.RELEASE\spring-boot-autoconfigure-2.3.1.RELEASE.jar;C:\Users\windo\.m2\repository\org\springframework\boot\spring-boot-starter-test\2.3.1.RELEASE\spring-boot-starter-test-2.3.1.RELEASE.jar;C:\Users\windo\.m2\repository\org\springframework\boot\spring-boot-test\2.3.1.RELEASE\spring-boot-test-2.3.1.RELEASE.jar;C:\Users\windo\.m2\repository\org\springframework\boot\spring-boot-test-autoconfigure\2.3.1.RELEASE\spring-boot-test-autoconfigure-2.3.1.RELEASE.jar;C:\Users\windo\.m2\repository\com\jayway\jsonpath\json-path\2.4.0\json-path-2.4.0.jar;C:\Users\windo\.m2\repository\net\minidev\json-smart\2.3\json-smart-2.3.jar;C:\Users\windo\.m2\repository\net\minidev\accessors-smart\1.2\accessors-smart-1.2.jar;C:\Users\windo\.m2\repository\org\ow2\asm\asm\5.0.4\asm-5.0.4.jar;C:\Users\windo\.m2\repository\jakarta\xml\bind\jakarta.xml.bind-api\2.3.3\jakarta.xml.bind-api-2.3.3.jar;C:\Users\windo\.m2\repository\jakarta\activation\jakarta.activation-api\1.2.2\jakarta.activation-api-1.2.2.jar;C:\Users\windo\.m2\repository\org\assertj\assertj-core\3.16.1\assertj-core-3.16.1.jar;C:\Users\windo\.m2\repository\org\junit\jupiter\junit-jupiter\5.6.2\junit-jupiter-5.6.2.jar;C:\Users\windo\.m2\repository\org\junit\jupiter\junit-jupiter-api\5.6.2\junit-jupiter-api-5.6.2.jar;C:\Users\windo\.m2\repository\org\opentest4j\opentest4j\1.2.0\opentest4j-1.2.0.jar;C:\Users\windo\.m2\repository\org\junit\platform\junit-platform-commons\1.6.2\junit-platform-commons-1.6.2.jar;C:\Users\windo\.m2\repository\org\junit\jupiter\junit-jupiter-params\5.6.2\junit-jupiter-params-5.6.2.jar;C:\Users\windo\.m2\repository\org\junit\jupiter\junit-jupiter-engine\5.6.2\junit-jupiter-engine-5.6.2.jar;C:\Users\windo\.m2\repository\org\junit\vintage\junit-vintage-engine\5.6.2\junit-vintage-engine-5.6.2.jar;C:\Users\windo\.m2\repository\org\apiguardian\apiguardian-api\1.1.0\apiguardian-api-1.1.0.jar;C:\Users\windo\.m2\repository\org\junit\platform\junit-platform-engine\1.6.2\junit-platform-engine-1.6.2.jar;C:\Users\windo\.m2\repository\junit\junit\4.13\junit-4.13.jar;C:\Users\windo\.m2\repository\org\mockito\mockito-core\3.3.3\mockito-core-3.3.3.jar;C:\Users\windo\.m2\repository\net\bytebuddy\byte-buddy-agent\1.10.11\byte-buddy-agent-1.10.11.jar;C:\Users\windo\.m2\repository\org\objenesis\objenesis\2.6\objenesis-2.6.jar;C:\Users\windo\.m2\repository\org\mockito\mockito-junit-jupiter\3.3.3\mockito-junit-jupiter-3.3.3.jar;C:\Users\windo\.m2\repository\org\skyscreamer\jsonassert\1.5.0\jsonassert-1.5.0.jar;C:\Users\windo\.m2\repository\com\vaadin\external\google\android-json\0.0.20131108.vaadin1\android-json-0.0.20131108.vaadin1.jar;C:\Users\windo\.m2\repository\org\springframework\spring-test\5.2.7.RELEASE\spring-test-5.2.7.RELEASE.jar;C:\Users\windo\.m2\repository\org\xmlunit\xmlunit-core\2.7.0\xmlunit-core-2.7.0.jar;C:\Users\windo\.m2\repository\org\springframework\boot\spring-boot-starter-validation\2.3.1.RELEASE\spring-boot-starter-validation-2.3.1.RELEASE.jar;C:\Users\windo\.m2\repository\org\glassfish\jakarta.el\3.0.3\jakarta.el-3.0.3.jar;C:\Users\windo\.m2\repository\org\hibernate\validator\hibernate-validator\6.1.5.Final\hibernate-validator-6.1.5.Final.jar;C:\Users\windo\.m2\repository\jakarta\validation\jakarta.validation-api\2.0.2\jakarta.validation-api-2.0.2.jar;C:\Users\windo\.m2\repository\com\h2database\h2\1.4.200\h2-1.4.200.jar;C:\Users\windo\.m2\repository\com\querydsl\querydsl-apt\4.3.1\querydsl-apt-4.3.1.jar;C:\Users\windo\.m2\repository\com\querydsl\querydsl-codegen\4.3.1\querydsl-codegen-4.3.1.jar;C:\Users\windo\.m2\repository\com\mysema\codegen\codegen\0.6.8\codegen-0.6.8.jar;C:\Users\windo\.m2\repository\org\eclipse\jdt\core\compiler\ecj\4.3.1\ecj-4.3.1.jar;C:\Users\windo\.m2\repository\org\reflections\reflections\0.9.9\reflections-0.9.9.jar;C:\Users\windo\.m2\repository\com\google\code\findbugs\annotations\2.0.1\annotations-2.0.1.jar;C:\Users\windo\.m2\repository\com\querydsl\querydsl-jpa\4.3.1\querydsl-jpa-4.3.1.jar;C:\Users\windo\.m2\repository\com\querydsl\querydsl-core\4.3.1\querydsl-core-4.3.1.jar;C:\Users\windo\.m2\repository\com\google\guava\guava\18.0\guava-18.0.jar;C:\Users\windo\.m2\repository\com\google\code\findbugs\jsr305\1.3.9\jsr305-1.3.9.jar;C:\Users\windo\.m2\repository\com\mysema\commons\mysema-commons-lang\0.2.4\mysema-commons-lang-0.2.4.jar;C:\Users\windo\.m2\repository\com\infradna\tool\bridge-method-annotation\1.13\bridge-method-annotation-1.13.jar;C:\Users\windo\.m2\repository\javax\inject\javax.inject\1\javax.inject-1.jar;C:\Users\windo\.m2\repository\org\slf4j\slf4j-api\1.7.30\slf4j-api-1.7.30.jar;C:\Users\windo\.m2\repository\org\xerial\sqlite-jdbc\3.31.1\sqlite-jdbc-3.31.1.jar;C:\Users\windo\.m2\repository\org\projectlombok\lombok\1.18.12\lombok-1.18.12.jar;C:\Users\windo\.m2\repository\org\apache\commons\commons-lang3\3.10\commons-lang3-3.10.jar;C:\Users\windo\.m2\repository\com\fasterxml\jackson\datatype\jackson-datatype-jsr310\2.11.0\jackson-datatype-jsr310-2.11.0.jar;C:\Users\windo\.m2\repository\com\fasterxml\jackson\core\jackson-annotations\2.11.0\jackson-annotations-2.11.0.jar;C:\Users\windo\.m2\repository\com\fasterxml\jackson\core\jackson-core\2.11.0\jackson-core-2.11.0.jar;C:\Users\windo\.m2\repository\com\fasterxml\jackson\core\jackson-databind\2.11.0\jackson-databind-2.11.0.jar;C:\Users\windo\.m2\repository\io\springfox\springfox-swagger2\2.10.0\springfox-swagger2-2.10.0.jar;C:\Users\windo\.m2\repository\io\swagger\swagger-annotations\1.5.20\swagger-annotations-1.5.20.jar;C:\Users\windo\.m2\repository\io\swagger\swagger-models\1.5.20\swagger-models-1.5.20.jar;C:\Users\windo\.m2\repository\io\springfox\springfox-spi\2.10.0\springfox-spi-2.10.0.jar;C:\Users\windo\.m2\repository\io\springfox\springfox-core\2.10.0\springfox-core-2.10.0.jar;C:\Users\windo\.m2\repository\io\springfox\springfox-schema\2.10.0\springfox-schema-2.10.0.jar;C:\Users\windo\.m2\repository\io\springfox\springfox-swagger-common\2.10.0\springfox-swagger-common-2.10.0.jar;C:\Users\windo\.m2\repository\io\springfox\springfox-spring-web\2.10.0\springfox-spring-web-2.10.0.jar;C:\Users\windo\.m2\repository\io\github\classgraph\classgraph\4.1.7\classgraph-4.1.7.jar;C:\Users\windo\.m2\repository\com\fasterxml\classmate\1.5.1\classmate-1.5.1.jar;C:\Users\windo\.m2\repository\org\springframework\plugin\spring-plugin-core\2.0.0.RELEASE\spring-plugin-core-2.0.0.RELEASE.jar;C:\Users\windo\.m2\repository\org\springframework\plugin\spring-plugin-metadata\2.0.0.RELEASE\spring-plugin-metadata-2.0.0.RELEASE.jar;C:\Users\windo\.m2\repository\org\mapstruct\mapstruct\1.3.1.Final\mapstruct-1.3.1.Final.jar;C:\Users\windo\.m2\repository\io\springfox\springfox-data-rest\2.10.0\springfox-data-rest-2.10.0.jar;C:\Users\windo\.m2\repository\io\springfox\springfox-spring-webmvc\2.10.0\springfox-spring-webmvc-2.10.0.jar;C:\Users\windo\.m2\repository\org\springframework\hateoas\spring-hateoas\1.1.0.RELEASE\spring-hateoas-1.1.0.RELEASE.jar;C:\Users\windo\.m2\repository\io\springfox\springfox-swagger-ui\2.10.0\springfox-swagger-ui-2.10.0.jar;C:\Users\windo\.m2\repository\io\springfox\springfox-bean-validators\2.10.0\springfox-bean-validators-2.10.0.jar;C:\Users\windo\.m2\repository\io\rest-assured\rest-assured\4.2.0\rest-assured-4.2.0.jar;C:\Users\windo\.m2\repository\org\codehaus\groovy\groovy\2.5.12\groovy-2.5.12.jar;C:\Users\windo\.m2\repository\org\codehaus\groovy\groovy-xml\2.5.12\groovy-xml-2.5.12.jar;C:\Users\windo\.m2\repository\org\apache\httpcomponents\httpclient\4.5.12\httpclient-4.5.12.jar;C:\Users\windo\.m2\repository\org\apache\httpcomponents\httpcore\4.4.13\httpcore-4.4.13.jar;C:\Users\windo\.m2\repository\commons-codec\commons-codec\1.14\commons-codec-1.14.jar;C:\Users\windo\.m2\repository\org\apache\httpcomponents\httpmime\4.5.12\httpmime-4.5.12.jar;C:\Users\windo\.m2\repository\org\ccil\cowan\tagsoup\tagsoup\1.2.1\tagsoup-1.2.1.jar;C:\Users\windo\.m2\repository\io\rest-assured\json-path\4.2.0\json-path-4.2.0.jar;C:\Users\windo\.m2\repository\org\codehaus\groovy\groovy-json\2.5.12\groovy-json-2.5.12.jar;C:\Users\windo\.m2\repository\io\rest-assured\xml-path\4.2.0\xml-path-4.2.0.jar;C:\Users\windo\.m2\repository\com\sun\xml\bind\jaxb-osgi\2.3.0.1\jaxb-osgi-2.3.0.1.jar;C:\Users\windo\.m2\repository\org\apache\sling\org.apache.sling.javax.activation\0.1.0\org.apache.sling.javax.activation-0.1.0.jar;C:\Users\windo\.m2\repository\javax\activation\activation\1.1.1\activation-1.1.1.jar;C:\Users\windo\.m2\repository\io\rest-assured\rest-assured-common\4.2.0\rest-assured-common-4.2.0.jar;C:\Users\windo\.m2\repository\org\hamcrest\hamcrest-library\2.2\hamcrest-library-2.2.jar;C:\Users\windo\.m2\repository\org\hamcrest\hamcrest-core\2.2\hamcrest-core-2.2.jar;C:\Users\windo\.m2\repository\org\hamcrest\hamcrest\2.2\hamcrest-2.2.jar;"/>
    <property name="sun.cpu.endian" value="little"/>
    <property name="user.home" value="C:\Users\windo"/>
    <property name="user.language" value="ru"/>
    <property name="java.specification.vendor" value="Oracle Corporation"/>
    <property name="java.version.date" value="2020-04-14"/>
    <property name="java.home" value="C:\Users\windo\.jdks\adopt-openj9-11.0.7"/>
    <property name="ibm.signalhandling.rs" value="false"/>
    <property name="file.separator" value="\"/>
    <property name="jdk.extensions.name" value="Extensions for OpenJDK for Eclipse OpenJ9"/>
    <property name="basedir" value="D:\work\Test task (Contact Center)\test-rest-api-master"/>
    <property name="line.separator" value="&#10;"/>
    <property name="java.vm.specification.vendor" value="Oracle Corporation"/>
    <property name="java.specification.name" value="Java Platform API Specification"/>
    <property name="java.compiler" value="j9jit29"/>
    <property name="com.ibm.util.extralibs.properties" value=""/>
    <property name="java.awt.graphicsenv" value="sun.awt.Win32GraphicsEnvironment"/>
    <property name="com.ibm.oti.configuration" value="scar"/>
    <property name="idea.version2020.1.3" value="true"/>
    <property name="java.awt.fonts" value=""/>
    <property name="surefire.real.class.path" value="C:\Users\windo\AppData\Local\Temp\surefire1617215514330721677\surefirebooter6238133977889300691.jar"/>
    <property name="com.ibm.oti.shared.enabled" value="false"/>
    <property name="com.ibm.oti.vm.bootstrap.library.path" value="C:\Users\windo\.jdks\adopt-openj9-11.0.7\bin\compressedrefs;C:\Users\windo\.jdks\adopt-openj9-11.0.7\bin"/>
    <property name="com.ibm.cpu.endian" value="little"/>
    <property name="java.fullversion" value="11.0.7+10&#10;JRE 11 Windows 10 amd64-64-Bit Compressed References 20200422_551 (JIT enabled, AOT enabled)&#10;OpenJ9   - 05fa2d361&#10;OMR      - d4365f371&#10;JCL      - 838028fc9d based on jdk-11.0.7+10"/>
    <property name="java.runtime.version" value="11.0.7+10"/>
    <property name="user.name" value="windo"/>
    <property name="path.separator" value=";"/>
    <property name="os.version" value="10.0"/>
    <property name="java.runtime.name" value="OpenJDK Runtime Environment"/>
    <property name="ibm.signalhandling.sigint" value="true"/>
    <property name="file.encoding" value="Cp1251"/>
    <property name="java.vm.name" value="Eclipse OpenJ9 VM"/>
    <property name="java.vendor.version" value="AdoptOpenJDK"/>
    <property name="ibm.signalhandling.sigchain" value="true"/>
    <property name="localRepository" value="C:\Users\windo\.m2\repository"/>
    <property name="java.io.tmpdir" value="C:\Users\windo\AppData\Local\Temp\"/>
    <property name="java.version" value="11.0.7"/>
    <property name="com.ibm.system.agent.path" value="C:\Users\windo\.jdks\adopt-openj9-11.0.7\bin"/>
    <property name="user.dir" value="D:\work\Test task (Contact Center)\test-rest-api-master"/>
    <property name="os.arch" value="amd64"/>
    <property name="java.vm.specification.name" value="Java Virtual Machine Specification"/>
    <property name="java.awt.printerjob" value="sun.awt.windows.WPrinterJob"/>
    <property name="os.encoding" value="UTF8"/>
    <property name="java.library.path" value="C:\Users\windo\.jdks\adopt-openj9-11.0.7\bin\compressedrefs;C:\Users\windo\.jdks\adopt-openj9-11.0.7\bin;C:\Windows\system32;C:\Windows;C:\Program Files (x86)\Common Files\Oracle\Java\javapath;C:\Windows\system32;C:\Windows;C:\Windows\System32\Wbem;C:\Windows\System32\WindowsPowerShell\v1.0\;C:\Windows\System32\OpenSSH\;C:\Program Files (x86)\NoteBook FanControl\;C:\Program Files\Intel\WiFi\bin\;C:\Program Files\Common Files\Intel\WirelessCommon\;C:\Program Files\PuTTY\;C:\Users\windo\AppData\Local\Microsoft\WindowsApps;;C:\Users\windo\AppData\Local\Programs\Microsoft VS Code\bin;C:\Program Files\JetBrains\PhpStorm 2020.1.2\bin;;."/>
    <property name="java.vendor" value="Eclipse OpenJ9"/>
    <property name="java.vm.info" value="JRE 11 Windows 10 amd64-64-Bit Compressed References 20200422_551 (JIT enabled, AOT enabled)&#10;OpenJ9   - 05fa2d361&#10;OMR      - d4365f371&#10;JCL      - 838028fc9d based on jdk-11.0.7+10"/>
    <property name="java.vm.version" value="openj9-0.20.0"/>
    <property name="com.ibm.jcl.checkClassPath" value=""/>
    <property name="ibm.system.encoding" value="Cp1251"/>
    <property name="sun.io.unicode.encoding" value="UnicodeLittle"/>
    <property name="java.class.version" value="55.0"/>
  </properties>
  <testcase name="shouldCreateNewUser" classname="com.nordigy.testrestapi.RestApiTests" time="8.163">
    <failure message="&#10;Expecting:&#10; &lt;{&quot;id&quot;:21,&quot;firstName&quot;:&quot;Ivan&quot;,&quot;lastName&quot;:&quot;Ivanov&quot;,&quot;email&quot;:&quot;asdas@asdas.tr&quot;,&quot;dayOfBirth&quot;:&quot;2000-01-01&quot;,&quot;_links&quot;:{&quot;self&quot;:{&quot;href&quot;:&quot;http://localhost:56574/api/users/21&quot;},&quot;user&quot;:{&quot;href&quot;:&quot;http://localhost:56574/api/users/21&quot;}}}&gt;&#10;to be equal to:&#10; &lt;{&quot;firstName&quot;:&quot;Ivan&quot;,&quot;lastName&quot;:&quot;Ivanov&quot;,&quot;dayOfBirth&quot;:&quot;2000-01-01&quot;,&quot;email&quot;:&quot;asdas@asdas.tr&quot;}&gt;&#10;but was not." type="org.opentest4j.AssertionFailedError"><![CDATA[org.opentest4j.AssertionFailedError: 

Expecting:
 <{"id":21,"firstName":"Ivan","lastName":"Ivanov","email":"asdas@asdas.tr","dayOfBirth":"2000-01-01","_links":{"self":{"href":"http://localhost:56574/api/users/21"},"user":{"href":"http://localhost:56574/api/users/21"}}}>
to be equal to:
 <{"firstName":"Ivan","lastName":"Ivanov","dayOfBirth":"2000-01-01","email":"asdas@asdas.tr"}>
but was not.
	at com.nordigy.testrestapi.RestApiTests.shouldCreateNewUser(RestApiTests.java:61)
]]></failure>
    <system-out><![CDATA[01:38:24.698 [main] DEBUG org.springframework.test.context.BootstrapUtils - Instantiating CacheAwareContextLoaderDelegate from class [org.springframework.test.context.cache.DefaultCacheAwareContextLoaderDelegate]
01:38:24.719 [main] DEBUG org.springframework.test.context.BootstrapUtils - Instantiating BootstrapContext using constructor [public org.springframework.test.context.support.DefaultBootstrapContext(java.lang.Class,org.springframework.test.context.CacheAwareContextLoaderDelegate)]
01:38:24.773 [main] DEBUG org.springframework.test.context.BootstrapUtils - Instantiating TestContextBootstrapper for test class [com.nordigy.testrestapi.RestApiTests] from class [org.springframework.boot.test.context.SpringBootTestContextBootstrapper]
01:38:24.812 [main] INFO org.springframework.boot.test.context.SpringBootTestContextBootstrapper - Neither @ContextConfiguration nor @ContextHierarchy found for test class [com.nordigy.testrestapi.RestApiTests], using SpringBootContextLoader
01:38:24.819 [main] DEBUG org.springframework.test.context.support.AbstractContextLoader - Did not detect default resource location for test class [com.nordigy.testrestapi.RestApiTests]: class path resource [com/nordigy/testrestapi/RestApiTests-context.xml] does not exist
01:38:24.823 [main] DEBUG org.springframework.test.context.support.AbstractContextLoader - Did not detect default resource location for test class [com.nordigy.testrestapi.RestApiTests]: class path resource [com/nordigy/testrestapi/RestApiTestsContext.groovy] does not exist
01:38:24.824 [main] INFO org.springframework.test.context.support.AbstractContextLoader - Could not detect default resource locations for test class [com.nordigy.testrestapi.RestApiTests]: no resource found for suffixes {-context.xml, Context.groovy}.
01:38:24.826 [main] INFO org.springframework.test.context.support.AnnotationConfigContextLoaderUtils - Could not detect default configuration classes for test class [com.nordigy.testrestapi.RestApiTests]: RestApiTests does not declare any static, non-private, non-final, nested classes annotated with @Configuration.
01:38:24.906 [main] DEBUG org.springframework.test.context.support.ActiveProfilesUtils - Could not find an 'annotation declaring class' for annotation type [org.springframework.test.context.ActiveProfiles] and class [com.nordigy.testrestapi.RestApiTests]
01:38:25.028 [main] DEBUG org.springframework.context.annotation.ClassPathScanningCandidateComponentProvider - Identified candidate component class: file [D:\work\Test task (Contact Center)\test-rest-api-master\target\classes\com\nordigy\testrestapi\TestRestApiApplication.class]
01:38:25.031 [main] INFO org.springframework.boot.test.context.SpringBootTestContextBootstrapper - Found @SpringBootConfiguration com.nordigy.testrestapi.TestRestApiApplication for test class com.nordigy.testrestapi.RestApiTests
01:38:25.442 [main] DEBUG org.springframework.boot.test.context.SpringBootTestContextBootstrapper - @TestExecutionListeners is not present for class [com.nordigy.testrestapi.RestApiTests]: using defaults.
01:38:25.443 [main] INFO org.springframework.boot.test.context.SpringBootTestContextBootstrapper - Loaded default TestExecutionListener class names from location [META-INF/spring.factories]: [org.springframework.boot.test.mock.mockito.MockitoTestExecutionListener, org.springframework.boot.test.mock.mockito.ResetMocksTestExecutionListener, org.springframework.boot.test.autoconfigure.restdocs.RestDocsTestExecutionListener, org.springframework.boot.test.autoconfigure.web.client.MockRestServiceServerResetTestExecutionListener, org.springframework.boot.test.autoconfigure.web.servlet.MockMvcPrintOnlyOnFailureTestExecutionListener, org.springframework.boot.test.autoconfigure.web.servlet.WebDriverTestExecutionListener, org.springframework.boot.test.autoconfigure.webservices.client.MockWebServiceServerTestExecutionListener, org.springframework.test.context.web.ServletTestExecutionListener, org.springframework.test.context.support.DirtiesContextBeforeModesTestExecutionListener, org.springframework.test.context.support.DependencyInjectionTestExecutionListener, org.springframework.test.context.support.DirtiesContextTestExecutionListener, org.springframework.test.context.transaction.TransactionalTestExecutionListener, org.springframework.test.context.jdbc.SqlScriptsTestExecutionListener, org.springframework.test.context.event.EventPublishingTestExecutionListener]
01:38:25.488 [main] INFO org.springframework.boot.test.context.SpringBootTestContextBootstrapper - Using TestExecutionListeners: [org.springframework.test.context.web.ServletTestExecutionListener@16639ed1, org.springframework.test.context.support.DirtiesContextBeforeModesTestExecutionListener@3c3b0358, org.springframework.boot.test.mock.mockito.MockitoTestExecutionListener@9079f9a0, org.springframework.boot.test.autoconfigure.SpringBootDependencyInjectionTestExecutionListener@6427d96f, org.springframework.test.context.support.DirtiesContextTestExecutionListener@bb107ee6, org.springframework.test.context.transaction.TransactionalTestExecutionListener@dbd3ffac, org.springframework.test.context.jdbc.SqlScriptsTestExecutionListener@d2235065, org.springframework.test.context.event.EventPublishingTestExecutionListener@e257cea0, org.springframework.boot.test.mock.mockito.ResetMocksTestExecutionListener@13caa1e0, org.springframework.boot.test.autoconfigure.restdocs.RestDocsTestExecutionListener@6d167a03, org.springframework.boot.test.autoconfigure.web.client.MockRestServiceServerResetTestExecutionListener@7f5a7689, org.springframework.boot.test.autoconfigure.web.servlet.MockMvcPrintOnlyOnFailureTestExecutionListener@e9ac80c2, org.springframework.boot.test.autoconfigure.web.servlet.WebDriverTestExecutionListener@282dd3e2, org.springframework.boot.test.autoconfigure.webservices.client.MockWebServiceServerTestExecutionListener@ec51c3b]
01:38:25.504 [main] DEBUG org.springframework.test.context.support.AbstractDirtiesContextTestExecutionListener - Before test class: context [DefaultTestContext@fe0413f4 testClass = RestApiTests, testInstance = [null], testMethod = [null], testException = [null], mergedContextConfiguration = [WebMergedContextConfiguration@66713d50 testClass = RestApiTests, locations = '{}', classes = '{class com.nordigy.testrestapi.TestRestApiApplication}', contextInitializerClasses = '[]', activeProfiles = '{}', propertySourceLocations = '{}', propertySourceProperties = '{org.springframework.boot.test.context.SpringBootTestContextBootstrapper=true, server.port=0}', contextCustomizers = set[org.springframework.boot.test.context.filter.ExcludeFilterContextCustomizer@dcdebabc, org.springframework.boot.test.json.DuplicateJsonObjectContextCustomizerFactory$DuplicateJsonObjectContextCustomizer@974a0421, org.springframework.boot.test.mock.mockito.MockitoContextCustomizer@0, org.springframework.boot.test.web.client.TestRestTemplateContextCustomizer@5ac0f9d0, org.springframework.boot.test.autoconfigure.properties.PropertyMappingContextCustomizer@0, org.springframework.boot.test.autoconfigure.web.servlet.WebDriverContextCustomizerFactory$Customizer@b4fa2916, org.springframework.boot.test.context.SpringBootTestArgs@1], resourceBasePath = 'src/main/webapp', contextLoader = 'org.springframework.boot.test.context.SpringBootContextLoader', parent = [null]], attributes = map['org.springframework.test.context.web.ServletTestExecutionListener.activateListener' -> false]], class annotated with @DirtiesContext [true] with mode [BEFORE_EACH_TEST_METHOD].
01:38:25.545 [main] DEBUG org.springframework.test.context.support.DependencyInjectionTestExecutionListener - Performing dependency injection for test context [[DefaultTestContext@fe0413f4 testClass = RestApiTests, testInstance = com.nordigy.testrestapi.RestApiTests@5978ca7c, testMethod = [null], testException = [null], mergedContextConfiguration = [WebMergedContextConfiguration@66713d50 testClass = RestApiTests, locations = '{}', classes = '{class com.nordigy.testrestapi.TestRestApiApplication}', contextInitializerClasses = '[]', activeProfiles = '{}', propertySourceLocations = '{}', propertySourceProperties = '{org.springframework.boot.test.context.SpringBootTestContextBootstrapper=true, server.port=0}', contextCustomizers = set[org.springframework.boot.test.context.filter.ExcludeFilterContextCustomizer@dcdebabc, org.springframework.boot.test.json.DuplicateJsonObjectContextCustomizerFactory$DuplicateJsonObjectContextCustomizer@974a0421, org.springframework.boot.test.mock.mockito.MockitoContextCustomizer@0, org.springframework.boot.test.web.client.TestRestTemplateContextCustomizer@5ac0f9d0, org.springframework.boot.test.autoconfigure.properties.PropertyMappingContextCustomizer@0, org.springframework.boot.test.autoconfigure.web.servlet.WebDriverContextCustomizerFactory$Customizer@b4fa2916, org.springframework.boot.test.context.SpringBootTestArgs@1], resourceBasePath = 'src/main/webapp', contextLoader = 'org.springframework.boot.test.context.SpringBootContextLoader', parent = [null]], attributes = map['org.springframework.test.context.web.ServletTestExecutionListener.activateListener' -> false]]].
01:38:25.581 [main] DEBUG org.springframework.test.context.support.TestPropertySourceUtils - Adding inlined properties to environment: {spring.jmx.enabled=false, org.springframework.boot.test.context.SpringBootTestContextBootstrapper=true, server.port=0}

  .   ____          _            __ _ _
 /\\ / ___'_ __ _ _(_)_ __  __ _ \ \ \ \
( ( )\___ | '_ | '_| | '_ \/ _` | \ \ \ \
 \\/  ___)| |_)| | | | | || (_| |  ) ) ) )
  '  |____| .__|_| |_|_| |_\__, | / / / /
 =========|_|==============|___/=/_/_/_/
 :: Spring Boot ::        (v2.3.1.RELEASE)

2020-07-11 01:38:26.558  INFO 12896 --- [           main] com.nordigy.testrestapi.RestApiTests     : Starting RestApiTests on DESKTOP-T9AOOCI with PID 12896 (started by windo in D:\work\Test task (Contact Center)\test-rest-api-master)
2020-07-11 01:38:26.577  INFO 12896 --- [           main] com.nordigy.testrestapi.RestApiTests     : No active profile set, falling back to default profiles: default
2020-07-11 01:38:30.336  INFO 12896 --- [           main] .s.d.r.c.RepositoryConfigurationDelegate : Bootstrapping Spring Data JPA repositories in DEFERRED mode.
2020-07-11 01:38:30.476  INFO 12896 --- [           main] .s.d.r.c.RepositoryConfigurationDelegate : Finished Spring Data repository scanning in 120ms. Found 1 JPA repository interfaces.
2020-07-11 01:38:32.916  INFO 12896 --- [           main] o.s.b.w.embedded.tomcat.TomcatWebServer  : Tomcat initialized with port(s): 0 (http)
2020-07-11 01:38:32.954  INFO 12896 --- [           main] o.apache.catalina.core.StandardService   : Starting service [Tomcat]
2020-07-11 01:38:32.956  INFO 12896 --- [           main] org.apache.catalina.core.StandardEngine  : Starting Servlet engine: [Apache Tomcat/9.0.36]
2020-07-11 01:38:33.376  INFO 12896 --- [           main] o.a.c.c.C.[Tomcat].[localhost].[/]       : Initializing Spring embedded WebApplicationContext
2020-07-11 01:38:33.376  INFO 12896 --- [           main] w.s.c.ServletWebServerApplicationContext : Root WebApplicationContext: initialization completed in 5287 ms
2020-07-11 01:38:34.039  INFO 12896 --- [           main] o.s.s.concurrent.ThreadPoolTaskExecutor  : Initializing ExecutorService 'applicationTaskExecutor'
2020-07-11 01:38:34.128  INFO 12896 --- [           main] com.zaxxer.hikari.HikariDataSource       : HikariPool-1 - Starting...
2020-07-11 01:38:34.591  INFO 12896 --- [           main] com.zaxxer.hikari.HikariDataSource       : HikariPool-1 - Start completed.
2020-07-11 01:38:34.783  INFO 12896 --- [         task-1] o.hibernate.jpa.internal.util.LogHelper  : HHH000204: Processing PersistenceUnitInfo [name: default]
2020-07-11 01:38:34.971  INFO 12896 --- [         task-1] org.hibernate.Version                    : HHH000412: Hibernate ORM core version 5.4.17.Final
2020-07-11 01:38:35.374  INFO 12896 --- [         task-1] o.hibernate.annotations.common.Version   : HCANN000001: Hibernate Commons Annotations {5.1.0.Final}
2020-07-11 01:38:35.713  WARN 12896 --- [           main] JpaBaseConfiguration$JpaWebConfiguration : spring.jpa.open-in-view is enabled by default. Therefore, database queries may be performed during view rendering. Explicitly configure spring.jpa.open-in-view to disable this warning
2020-07-11 01:38:35.842  INFO 12896 --- [         task-1] org.hibernate.dialect.Dialect            : HHH000400: Using dialect: org.hibernate.dialect.H2Dialect
2020-07-11 01:38:37.619  INFO 12896 --- [         task-1] o.h.e.t.j.p.i.JtaPlatformInitiator       : HHH000490: Using JtaPlatform implementation: [org.hibernate.engine.transaction.jta.platform.internal.NoJtaPlatform]
2020-07-11 01:38:37.637  INFO 12896 --- [         task-1] j.LocalContainerEntityManagerFactoryBean : Initialized JPA EntityManagerFactory for persistence unit 'default'
2020-07-11 01:38:39.114  INFO 12896 --- [           main] pertySourcedRequestMappingHandlerMapping : Mapped URL path [/v2/api-docs] onto method [springfox.documentation.swagger2.web.Swagger2ControllerWebMvc#getDocumentation(String, HttpServletRequest)]
2020-07-11 01:38:41.239  INFO 12896 --- [           main] o.s.b.w.embedded.tomcat.TomcatWebServer  : Tomcat started on port(s): 56566 (http) with context path ''
2020-07-11 01:38:41.242  INFO 12896 --- [           main] d.s.w.p.DocumentationPluginsBootstrapper : Documentation plugins bootstrapped
2020-07-11 01:38:41.252  INFO 12896 --- [           main] d.s.w.p.DocumentationPluginsBootstrapper : Found 1 custom documentation plugin(s)
2020-07-11 01:38:41.700  INFO 12896 --- [           main] s.d.s.w.s.ApiListingReferenceScanner     : Scanning for api listing references
2020-07-11 01:38:42.119  INFO 12896 --- [           main] DeferredRepositoryInitializationListener : Triggering deferred initialization of Spring Data repositories…
2020-07-11 01:38:42.121  INFO 12896 --- [           main] DeferredRepositoryInitializationListener : Spring Data repositories initialized!
2020-07-11 01:38:42.147  INFO 12896 --- [           main] com.nordigy.testrestapi.RestApiTests     : Started RestApiTests in 16.563 seconds (JVM running for 19.158)
2020-07-11 01:38:42.792  INFO 12896 --- [           main] c.n.testrestapi.init.DataInitializer     : User(id=1, firstName=Mark, lastName=Smith, email=workingemail-1@gmail.com, dayOfBirth=1995-07-11)
2020-07-11 01:38:42.794  INFO 12896 --- [           main] c.n.testrestapi.init.DataInitializer     : User(id=2, firstName=Alex, lastName=Erickson, email=workingemail-2@gmail.com, dayOfBirth=1953-07-11)
2020-07-11 01:38:42.794  INFO 12896 --- [           main] c.n.testrestapi.init.DataInitializer     : User(id=3, firstName=Nataly, lastName=Doe, email=workingemail-3@gmail.com, dayOfBirth=1936-07-11)
2020-07-11 01:38:42.795  INFO 12896 --- [           main] c.n.testrestapi.init.DataInitializer     : User(id=4, firstName=Mark, lastName=Doe, email=workingemail-4@gmail.com, dayOfBirth=1956-07-11)
2020-07-11 01:38:42.795  INFO 12896 --- [           main] c.n.testrestapi.init.DataInitializer     : User(id=5, firstName=Mark, lastName=Portman, email=workingemail-5@gmail.com, dayOfBirth=1936-07-11)
2020-07-11 01:38:42.795  INFO 12896 --- [           main] c.n.testrestapi.init.DataInitializer     : User(id=6, firstName=Nataly, lastName=Doe, email=workingemail-6@gmail.com, dayOfBirth=1963-07-11)
2020-07-11 01:38:42.796  INFO 12896 --- [           main] c.n.testrestapi.init.DataInitializer     : User(id=7, firstName=Mark, lastName=Smith, email=workingemail-7@gmail.com, dayOfBirth=1964-07-11)
2020-07-11 01:38:42.796  INFO 12896 --- [           main] c.n.testrestapi.init.DataInitializer     : User(id=8, firstName=Robert, lastName=Smith, email=workingemail-8@gmail.com, dayOfBirth=1983-07-11)
2020-07-11 01:38:42.797  INFO 12896 --- [           main] c.n.testrestapi.init.DataInitializer     : User(id=9, firstName=Mark, lastName=Roach, email=workingemail-9@gmail.com, dayOfBirth=1958-07-11)
2020-07-11 01:38:42.797  INFO 12896 --- [           main] c.n.testrestapi.init.DataInitializer     : User(id=10, firstName=Mark, lastName=Erickson, email=workingemail-10@gmail.com, dayOfBirth=1971-07-11)
2020-07-11 01:38:42.797  INFO 12896 --- [           main] c.n.testrestapi.init.DataInitializer     : User(id=11, firstName=Nataly, lastName=Portman, email=workingemail-11@gmail.com, dayOfBirth=1954-07-11)
2020-07-11 01:38:42.798  INFO 12896 --- [           main] c.n.testrestapi.init.DataInitializer     : User(id=12, firstName=Mary, lastName=Roach, email=workingemail-12@gmail.com, dayOfBirth=1980-07-11)
2020-07-11 01:38:42.798  INFO 12896 --- [           main] c.n.testrestapi.init.DataInitializer     : User(id=13, firstName=John, lastName=Roach, email=workingemail-13@gmail.com, dayOfBirth=1975-07-11)
2020-07-11 01:38:42.799  INFO 12896 --- [           main] c.n.testrestapi.init.DataInitializer     : User(id=14, firstName=Mary, lastName=Roach, email=workingemail-14@gmail.com, dayOfBirth=1981-07-11)
2020-07-11 01:38:42.800  INFO 12896 --- [           main] c.n.testrestapi.init.DataInitializer     : User(id=15, firstName=Robert, lastName=Li, email=workingemail-15@gmail.com, dayOfBirth=1940-07-11)
2020-07-11 01:38:42.800  INFO 12896 --- [           main] c.n.testrestapi.init.DataInitializer     : User(id=16, firstName=John, lastName=Roach, email=workingemail-16@gmail.com, dayOfBirth=1934-07-11)
2020-07-11 01:38:42.800  INFO 12896 --- [           main] c.n.testrestapi.init.DataInitializer     : User(id=17, firstName=Mary, lastName=Portman, email=workingemail-17@gmail.com, dayOfBirth=1981-07-11)
2020-07-11 01:38:42.802  INFO 12896 --- [           main] c.n.testrestapi.init.DataInitializer     : User(id=18, firstName=Robert, lastName=Doe, email=workingemail-18@gmail.com, dayOfBirth=1967-07-11)
2020-07-11 01:38:42.803  INFO 12896 --- [           main] c.n.testrestapi.init.DataInitializer     : User(id=19, firstName=Nataly, lastName=Doe, email=workingemail-19@gmail.com, dayOfBirth=1966-07-11)
2020-07-11 01:38:42.828  INFO 12896 --- [           main] c.n.testrestapi.init.DataInitializer     : User(id=20, firstName=Mark, lastName=Li, email=workingemail-20@gmail.com, dayOfBirth=1993-07-11)
2020-07-11 01:38:44.099  INFO 12896 --- [           main] j.LocalContainerEntityManagerFactoryBean : Closing JPA EntityManagerFactory for persistence unit 'default'
2020-07-11 01:38:44.099  INFO 12896 --- [           main] .SchemaDropperImpl$DelayedDropActionImpl : HHH000477: Starting delayed evictData of schema as part of SessionFactory shut-down'
2020-07-11 01:38:44.109  INFO 12896 --- [           main] o.s.s.concurrent.ThreadPoolTaskExecutor  : Shutting down ExecutorService 'applicationTaskExecutor'
2020-07-11 01:38:44.110  INFO 12896 --- [           main] com.zaxxer.hikari.HikariDataSource       : HikariPool-1 - Shutdown initiated...
2020-07-11 01:38:44.113  INFO 12896 --- [           main] com.zaxxer.hikari.HikariDataSource       : HikariPool-1 - Shutdown completed.

  .   ____          _            __ _ _
 /\\ / ___'_ __ _ _(_)_ __  __ _ \ \ \ \
( ( )\___ | '_ | '_| | '_ \/ _` | \ \ \ \
 \\/  ___)| |_)| | | | | || (_| |  ) ) ) )
  '  |____| .__|_| |_|_| |_\__, | / / / /
 =========|_|==============|___/=/_/_/_/
 :: Spring Boot ::        (v2.3.1.RELEASE)

2020-07-11 01:38:44.174  INFO 12896 --- [           main] com.nordigy.testrestapi.RestApiTests     : Starting RestApiTests on DESKTOP-T9AOOCI with PID 12896 (started by windo in D:\work\Test task (Contact Center)\test-rest-api-master)
2020-07-11 01:38:44.176  INFO 12896 --- [           main] com.nordigy.testrestapi.RestApiTests     : No active profile set, falling back to default profiles: default
2020-07-11 01:38:45.255  INFO 12896 --- [           main] .s.d.r.c.RepositoryConfigurationDelegate : Bootstrapping Spring Data JPA repositories in DEFERRED mode.
2020-07-11 01:38:45.274  INFO 12896 --- [           main] .s.d.r.c.RepositoryConfigurationDelegate : Finished Spring Data repository scanning in 17ms. Found 1 JPA repository interfaces.
2020-07-11 01:38:45.691  INFO 12896 --- [           main] o.s.b.w.embedded.tomcat.TomcatWebServer  : Tomcat initialized with port(s): 0 (http)
2020-07-11 01:38:45.695  INFO 12896 --- [           main] o.apache.catalina.core.StandardService   : Starting service [Tomcat]
2020-07-11 01:38:45.696  INFO 12896 --- [           main] org.apache.catalina.core.StandardEngine  : Starting Servlet engine: [Apache Tomcat/9.0.36]
2020-07-11 01:38:45.753  INFO 12896 --- [           main] o.a.c.c.C.[Tomcat].[localhost].[/]       : Initializing Spring embedded WebApplicationContext
2020-07-11 01:38:45.753  INFO 12896 --- [           main] w.s.c.ServletWebServerApplicationContext : Root WebApplicationContext: initialization completed in 1571 ms
2020-07-11 01:38:45.980  INFO 12896 --- [           main] o.s.s.concurrent.ThreadPoolTaskExecutor  : Initializing ExecutorService 'applicationTaskExecutor'
2020-07-11 01:38:45.988  INFO 12896 --- [           main] com.zaxxer.hikari.HikariDataSource       : HikariPool-2 - Starting...
2020-07-11 01:38:45.995  INFO 12896 --- [           main] com.zaxxer.hikari.HikariDataSource       : HikariPool-2 - Start completed.
2020-07-11 01:38:46.019  INFO 12896 --- [         task-1] o.hibernate.jpa.internal.util.LogHelper  : HHH000204: Processing PersistenceUnitInfo [name: default]
2020-07-11 01:38:46.036  INFO 12896 --- [         task-1] org.hibernate.dialect.Dialect            : HHH000400: Using dialect: org.hibernate.dialect.H2Dialect
2020-07-11 01:38:46.272  INFO 12896 --- [         task-1] o.h.e.t.j.p.i.JtaPlatformInitiator       : HHH000490: Using JtaPlatform implementation: [org.hibernate.engine.transaction.jta.platform.internal.NoJtaPlatform]
2020-07-11 01:38:46.276  INFO 12896 --- [         task-1] j.LocalContainerEntityManagerFactoryBean : Initialized JPA EntityManagerFactory for persistence unit 'default'
2020-07-11 01:38:46.565  WARN 12896 --- [           main] JpaBaseConfiguration$JpaWebConfiguration : spring.jpa.open-in-view is enabled by default. Therefore, database queries may be performed during view rendering. Explicitly configure spring.jpa.open-in-view to disable this warning
2020-07-11 01:38:47.441  INFO 12896 --- [           main] pertySourcedRequestMappingHandlerMapping : Mapped URL path [/v2/api-docs] onto method [springfox.documentation.swagger2.web.Swagger2ControllerWebMvc#getDocumentation(String, HttpServletRequest)]
2020-07-11 01:38:48.447  INFO 12896 --- [           main] o.s.b.w.embedded.tomcat.TomcatWebServer  : Tomcat started on port(s): 56574 (http) with context path ''
2020-07-11 01:38:48.449  INFO 12896 --- [           main] d.s.w.p.DocumentationPluginsBootstrapper : Documentation plugins bootstrapped
2020-07-11 01:38:48.452  INFO 12896 --- [           main] d.s.w.p.DocumentationPluginsBootstrapper : Found 1 custom documentation plugin(s)
2020-07-11 01:38:48.537  INFO 12896 --- [           main] s.d.s.w.s.ApiListingReferenceScanner     : Scanning for api listing references
2020-07-11 01:38:48.656  INFO 12896 --- [           main] DeferredRepositoryInitializationListener : Triggering deferred initialization of Spring Data repositories…
2020-07-11 01:38:48.657  INFO 12896 --- [           main] DeferredRepositoryInitializationListener : Spring Data repositories initialized!
2020-07-11 01:38:48.671  INFO 12896 --- [           main] com.nordigy.testrestapi.RestApiTests     : Started RestApiTests in 4.553 seconds (JVM running for 25.682)
2020-07-11 01:38:48.765  INFO 12896 --- [           main] c.n.testrestapi.init.DataInitializer     : User(id=1, firstName=John, lastName=Li, email=workingemail-1@gmail.com, dayOfBirth=1944-07-11)
2020-07-11 01:38:48.766  INFO 12896 --- [           main] c.n.testrestapi.init.DataInitializer     : User(id=2, firstName=Mary, lastName=Smith, email=workingemail-2@gmail.com, dayOfBirth=1964-07-11)
2020-07-11 01:38:48.768  INFO 12896 --- [           main] c.n.testrestapi.init.DataInitializer     : User(id=3, firstName=Robert, lastName=Erickson, email=workingemail-3@gmail.com, dayOfBirth=1961-07-11)
2020-07-11 01:38:48.772  INFO 12896 --- [           main] c.n.testrestapi.init.DataInitializer     : User(id=4, firstName=Robert, lastName=Li, email=workingemail-4@gmail.com, dayOfBirth=1948-07-11)
2020-07-11 01:38:48.774  INFO 12896 --- [           main] c.n.testrestapi.init.DataInitializer     : User(id=5, firstName=Mark, lastName=Doe, email=workingemail-5@gmail.com, dayOfBirth=1954-07-11)
2020-07-11 01:38:48.776  INFO 12896 --- [           main] c.n.testrestapi.init.DataInitializer     : User(id=6, firstName=Mark, lastName=Li, email=workingemail-6@gmail.com, dayOfBirth=1937-07-11)
2020-07-11 01:38:48.778  INFO 12896 --- [           main] c.n.testrestapi.init.DataInitializer     : User(id=7, firstName=John, lastName=Smith, email=workingemail-7@gmail.com, dayOfBirth=1988-07-11)
2020-07-11 01:38:48.780  INFO 12896 --- [           main] c.n.testrestapi.init.DataInitializer     : User(id=8, firstName=John, lastName=Li, email=workingemail-8@gmail.com, dayOfBirth=1997-07-11)
2020-07-11 01:38:48.783  INFO 12896 --- [           main] c.n.testrestapi.init.DataInitializer     : User(id=9, firstName=Alex, lastName=Li, email=workingemail-9@gmail.com, dayOfBirth=1988-07-11)
2020-07-11 01:38:48.784  INFO 12896 --- [           main] c.n.testrestapi.init.DataInitializer     : User(id=10, firstName=Nataly, lastName=Li, email=workingemail-10@gmail.com, dayOfBirth=1974-07-11)
2020-07-11 01:38:48.786  INFO 12896 --- [           main] c.n.testrestapi.init.DataInitializer     : User(id=11, firstName=Mark, lastName=Smith, email=workingemail-11@gmail.com, dayOfBirth=1976-07-11)
2020-07-11 01:38:48.787  INFO 12896 --- [           main] c.n.testrestapi.init.DataInitializer     : User(id=12, firstName=Robert, lastName=Roach, email=workingemail-12@gmail.com, dayOfBirth=1944-07-11)
2020-07-11 01:38:48.789  INFO 12896 --- [           main] c.n.testrestapi.init.DataInitializer     : User(id=13, firstName=Mary, lastName=Erickson, email=workingemail-13@gmail.com, dayOfBirth=1970-07-11)
2020-07-11 01:38:48.792  INFO 12896 --- [           main] c.n.testrestapi.init.DataInitializer     : User(id=14, firstName=John, lastName=Smith, email=workingemail-14@gmail.com, dayOfBirth=1955-07-11)
2020-07-11 01:38:48.793  INFO 12896 --- [           main] c.n.testrestapi.init.DataInitializer     : User(id=15, firstName=Nataly, lastName=Erickson, email=workingemail-15@gmail.com, dayOfBirth=1936-07-11)
2020-07-11 01:38:48.795  INFO 12896 --- [           main] c.n.testrestapi.init.DataInitializer     : User(id=16, firstName=Robert, lastName=Li, email=workingemail-16@gmail.com, dayOfBirth=1982-07-11)
2020-07-11 01:38:48.796  INFO 12896 --- [           main] c.n.testrestapi.init.DataInitializer     : User(id=17, firstName=John, lastName=Roach, email=workingemail-17@gmail.com, dayOfBirth=1955-07-11)
2020-07-11 01:38:48.798  INFO 12896 --- [           main] c.n.testrestapi.init.DataInitializer     : User(id=18, firstName=Nataly, lastName=Portman, email=workingemail-18@gmail.com, dayOfBirth=1966-07-11)
2020-07-11 01:38:48.799  INFO 12896 --- [           main] c.n.testrestapi.init.DataInitializer     : User(id=19, firstName=Mark, lastName=Li, email=workingemail-19@gmail.com, dayOfBirth=1936-07-11)
2020-07-11 01:38:48.801  INFO 12896 --- [           main] c.n.testrestapi.init.DataInitializer     : User(id=20, firstName=John, lastName=Doe, email=workingemail-20@gmail.com, dayOfBirth=1936-07-11)
Request method:	POST
Request URI:	http://localhost:56574/api/users
Proxy:			<none>
Request params:	<none>
Query params:	<none>
Form params:	<none>
Path params:	<none>
Headers:		Accept=*/*
				Content-Type=application/json; charset=UTF-8
Cookies:		<none>
Multiparts:		<none>
Body:
{
    "firstName": "Ivan",
    "lastName": "Ivanov",
    "dayOfBirth": "2000-01-01",
    "email": "asdas@asdas.tr"
}
2020-07-11 01:38:50.770  INFO 12896 --- [o-auto-2-exec-1] o.a.c.c.C.[Tomcat].[localhost].[/]       : Initializing Spring DispatcherServlet 'dispatcherServlet'
2020-07-11 01:38:50.771  INFO 12896 --- [o-auto-2-exec-1] o.s.web.servlet.DispatcherServlet        : Initializing Servlet 'dispatcherServlet'
2020-07-11 01:38:50.801  INFO 12896 --- [o-auto-2-exec-1] o.s.web.servlet.DispatcherServlet        : Completed initialization in 30 ms
]]></system-out>
  </testcase>
  <testcase name="shouldReturnCorrectUsersListSize" classname="com.nordigy.testrestapi.RestApiTests" time="7.196"/>
</testsuite>